<?xml version="1.0" encoding="UTF-8"?>
<testsuite xmlns:xsi="http://www.w3.org/2001/XMLSchema-instance" xsi:noNamespaceSchemaLocation="https://maven.apache.org/surefire/maven-surefire-plugin/xsd/surefire-test-report-3.0.xsd" version="3.0" name="com.iprice.test.IpriceHomeTest" time="14.878" tests="1" errors="0" skipped="0" failures="0">
  <properties>
[...]
</properties>
  <testcase name="LoginApplication" classname="com.iprice.test.IpriceHomeTest" time="5.034">
    <system-out><![CDATA[Dell Coupons
Norton Promo Code
Lazada Voucher Code
Shopee Voucher
foodpanda Voucher
Lenovo Coupon
Zalora Promo Code
Lalamove
Adidas Sale
GrabFood Promo Code
Klook Promo Code
Agoda Promo Code
Watsons Malaysia
AirAsia Promo
Grab Promo Code
Pizza Hut Promotion
JD Sports Discount Code
Oyo Coupon Code
iHerb Promo Code
Charles and Keith Malaysia Promo Code
20
22
Item contains data-vars-cgt
Item contains data-vars-cgt
Item contains data-vars-cgt
Item contains data-vars-cgt
Item contains data-vars-cgt
Item contains data-vars-cgt
Item contains data-vars-cgt
Item contains data-vars-cgt
Item contains data-vars-cgt
Item contains data-vars-cgt
Item contains data-vars-cgt
Item contains data-vars-cgt
Item contains data-vars-cgt
Item contains data-vars-cgt
Item contains data-vars-cgt
Item contains data-vars-cgt
Item contains data-vars-cgt
Item contains data-vars-cgt
Item contains data-vars-cgt
Item contains data-vars-cgt
Item contains data-vars-cgt
Item contains data-vars-cgt
]]></system-out>
    <system-err><![CDATA[SLF4J: Failed to load class "org.slf4j.impl.StaticLoggerBinder".
SLF4J: Defaulting to no-operation (NOP) logger implementation
SLF4J: See http://www.slf4j.org/codes.html#StaticLoggerBinder for further details.
Starting ChromeDriver 100.0.4896.60 (6a5d10861ce8de5fce22564658033b43cb7de047-refs/branch-heads/4896@{#875}) on port 58957
Only local connections are allowed.
Please see https://chromedriver.chromium.org/security-considerations for suggestions on keeping ChromeDriver safe.
ChromeDriver was started successfully.
May 12, 2022 10:00:03 PM org.openqa.selenium.remote.ProtocolHandshake createSession
INFO: Detected dialect: W3C
May 12, 2022 10:00:03 PM org.openqa.selenium.devtools.CdpVersionFinder findNearestMatch
WARNING: Unable to find an exact match for CDP version 100, so returning the closest version found: 97
May 12, 2022 10:00:03 PM org.openqa.selenium.devtools.CdpVersionFinder findNearestMatch
INFO: Found CDP implementation for version 100 of 97
]]></system-err>
  </testcase>
</testsuite>