<?xml version="1.0" encoding="UTF-8"?>
<testng-results ignored="0" total="1" passed="1" failed="0" skipped="0">
  <reporter-output>
  </reporter-output>
  <suite started-at="2022-05-12T21:59:55 SGT" name="Surefire suite" finished-at="2022-05-12T22:00:09 SGT" duration-ms="13368">
    <groups>
    </groups>
    <test started-at="2022-05-12T21:59:55 SGT" name="Surefire test" finished-at="2022-05-12T22:00:09 SGT" duration-ms="13368">
      <class name="com.iprice.test.IpriceHomeTest">
        <test-method is-config="true" signature="browserSetup()[pri:0, instance:com.iprice.test.IpriceHomeTest@7905a0b8]" started-at="2022-05-12T21:59:55 SGT" name="browserSetup" finished-at="2022-05-12T22:00:03 SGT" duration-ms="7869" status="PASS">
          <reporter-output>
          </reporter-output>
        </test-method> <!-- browserSetup -->
        <test-method signature="LoginApplication()[pri:0, instance:com.iprice.test.IpriceHomeTest@7905a0b8]" started-at="2022-05-12T22:00:03 SGT" name="LoginApplication" finished-at="2022-05-12T22:00:08 SGT" duration-ms="5031" status="PASS">
          <reporter-output>
          </reporter-output>
        </test-method> <!-- LoginApplication -->
        <test-method is-config="true" signature="driverquit()[pri:0, instance:com.iprice.test.IpriceHomeTest@7905a0b8]" started-at="2022-05-12T22:00:08 SGT" name="driverquit" finished-at="2022-05-12T22:00:09 SGT" duration-ms="416" status="PASS">
          <reporter-output>
          </reporter-output>
        </test-method> <!-- driverquit -->
      </class> <!-- com.iprice.test.IpriceHomeTest -->
    </test> <!-- Surefire test -->
  </suite> <!-- Surefire suite -->
</testng-results>
