<?xml version="1.0" encoding="UTF-8"?>
<testng-results ignored="0" total="1" passed="1" failed="0" skipped="0">
  <reporter-output>
  </reporter-output>
  <suite started-at="2022-05-13T00:46:47 SGT" name="Default suite" finished-at="2022-05-13T00:47:23 SGT" duration-ms="35637">
    <groups>
    </groups>
    <test started-at="2022-05-13T00:46:47 SGT" name="Default test" finished-at="2022-05-13T00:47:23 SGT" duration-ms="35637">
      <class name="com.iprice.test.IpriceCouponTest">
        <test-method is-config="true" signature="browserSetup()[pri:0, instance:com.iprice.test.IpriceCouponTest@14f9390f]" started-at="2022-05-13T00:46:47 SGT" name="browserSetup" finished-at="2022-05-13T00:46:57 SGT" duration-ms="9367" status="PASS">
          <reporter-output>
          </reporter-output>
        </test-method> <!-- browserSetup -->
        <test-method signature="LoginApplication()[pri:0, instance:com.iprice.test.IpriceCouponTest@14f9390f]" started-at="2022-05-13T00:46:57 SGT" name="LoginApplication" finished-at="2022-05-13T00:47:22 SGT" duration-ms="25570" status="PASS">
          <reporter-output>
          </reporter-output>
        </test-method> <!-- LoginApplication -->
        <test-method is-config="true" signature="driverquit()[pri:0, instance:com.iprice.test.IpriceCouponTest@14f9390f]" started-at="2022-05-13T00:47:22 SGT" name="driverquit" finished-at="2022-05-13T00:47:23 SGT" duration-ms="637" status="PASS">
          <reporter-output>
          </reporter-output>
        </test-method> <!-- driverquit -->
      </class> <!-- com.iprice.test.IpriceCouponTest -->
    </test> <!-- Default test -->
  </suite> <!-- Default suite -->
</testng-results>
